Mon 11/02/2009 
08:48 AM
$PROBLEM ORAL ADMINISTRATION STUDY
$DATA run1.dta IGNORE=@
$INPUT ID TIME AMT DV EVID MDV BW AGE ISM RACE DOSE
$SUBROUTINE ADVAN2 TRANS2
$PK
  CL = THETA(1)*(BW/70)**THETA(4)*EXP(ETA(1))
  V = THETA(2)*(BW/70)**THETA(5)*EXP(ETA(2))
  KA = THETA(3)*EXP(ETA(3))
  S2 = V/1000

$ERROR
  IPRED = F
  W=SQRT(THETA(6)**2+THETA(7)**2*IPRED**2) 
  IRES=DV-IPRED
  IWRES=IRES/W
  Y=IPRED+W*EPS(1)

$THETA  (0,2) ;CL
$THETA  (0,20) ;V
$THETA  (0,0.7) ;KA
$THETA  (0,5) ; CL-BW
$THETA (0,0.2) ;V-BW
$THETA  (0,5) ; Add 
$THETA (0,0.2) ;Prop

$OMEGA  0.1 ;CL 
$OMEGA  0.1 ;V 
$OMEGA  0.1 ;KA 

$SIGMA  1 FIX 

$ESTIMATION METH=1 INTER MAXEVAL=9999 PRINT=5
$COVARIANCE

$TABLE ID TIME AMT IPRED IWRES NOPRINT ONEHEADER FILE=sdtab1
$TABLE ID CL V KA ETA1 ETA2 NOPRINT NOAPPEND ONEHEADER FILE=patab1
$TABLE ID BW AGE NOPRINT NOAPPEND ONEHEADER FILE=cotab1
$TABLE ID ISM RACE NOPRINT NOAPPEND ONEHEADER FILE=catab1
 
NM-TRAN MESSAGES 
  
 WARNINGS AND ERRORS (IF ANY) FOR PROBLEM    1
             
 (WARNING  2) NM-TRAN INFERS THAT THE DATA ARE POPULATION.
 
1NONLINEAR MIXED EFFECTS MODEL PROGRAM (NONMEM)    DOUBLE PRECISION NONMEM    VERSION VI LEVEL 2.0  
 DEVELOPED AND PROGRAMMED BY STUART BEAL AND LEWIS SHEINER
 
 PROBLEM NO.:         1
 ORAL ADMINISTRATION STUDY                                               
0DATA CHECKOUT RUN:              NO 
 DATA SET LOCATED ON UNIT NO.:    2
 THIS UNIT TO BE REWOUND:        NO 
 NO. OF DATA RECS IN DATA SET:      800
 NO. OF DATA ITEMS IN DATA SET:  11
 ID DATA ITEM IS DATA ITEM NO.:   1
 DEP VARIABLE IS DATA ITEM NO.:   4
 MDV DATA ITEM IS DATA ITEM NO.:  6
0INDICES PASSED TO SUBROUTINE PRED:
  5  2  3  0  0  0  0  0  0
  0  0
0LABELS FOR DATA ITEMS:
   ID    TIME     AMT      DV    EVID     MDV      BW     AGE     ISM
 RACE    DOSE
0(NONBLANK) LABELS FOR PRED-DEFINED ITEMS:
   CL       V      KA    IPRE    IWRE
0FORMAT FOR DATA:
 (E4.0,2E3.0,E8.0,2E2.0,E4.0,E3.0,2E2.0,E3.0)                                    
 
 TOT. NO. OF OBS RECS:      691
 TOT. NO. OF INDIVIDUALS:    100
0LENGTH OF THETA:  7
0DEFAULT THETA BOUNDARY TEST OMITTED:    NO 
0OMEGA HAS SIMPLE DIAGONAL FORM WITH DIMENSION:  3
0DEFAULT OMEGA BOUNDARY TEST OMITTED:    NO 
0SIGMA HAS SIMPLE DIAGONAL FORM WITH DIMENSION:  1
0DEFAULT SIGMA BOUNDARY TEST OMITTED:    NO 
0INITIAL ESTIMATE OF THETA:
 LOWER BOUND    INITIAL EST    UPPER BOUND
  0.0000E+00     0.2000E+01     0.1000E+07
  0.0000E+00     0.2000E+02     0.1000E+07
  0.0000E+00     0.7000E+00     0.1000E+07
  0.0000E+00     0.5000E+01     0.1000E+07
  0.0000E+00     0.2000E+00     0.1000E+07
  0.0000E+00     0.5000E+01     0.1000E+07
  0.0000E+00     0.2000E+00     0.1000E+07
0INITIAL ESTIMATE OF OMEGA:
 0.1000E+00
 0.0000E+00   0.1000E+00
 0.0000E+00   0.0000E+00   0.1000E+00
0INITIAL ESTIMATE OF SIGMA:
 0.1000E+01
0SIGMA CONSTRAINED TO BE THIS INITIAL ESTIMATE
0ESTIMATION STEP OMITTED:           NO 
 CONDITIONAL ESTIMATES USED:       YES 
 CENTERED ETA:                      NO 
 EPS-ETA INTERACTION:              YES 
 LAPLACIAN OBJ. FUNC.:              NO 
 NO. OF FUNCT. EVALS. ALLOWED:       9999
 NO. OF SIG. FIGURES REQUIRED:       3
 INTERMEDIATE PRINTOUT:            YES 
 ESTIMATE OUTPUT TO MSF:            NO 
 IND. OBJ. FUNC. VALUES SORTED:     NO 
0COVARIANCE STEP OMITTED:    NO 
 EIGENVLS. PRINTED:          NO 
 SPECIAL COMPUTATION:        NO 
 COMPRESSED FORMAT:          NO 
0TABLES STEP OMITTED:    NO 
 NO. OF TABLES:           4
0-- TABLE  1 --
 PRINTED:                NO 
 HEADER:                YES 
 FILE TO BE FORWARDED:   NO 
0USER-CHOSEN ITEMS 
 IN THE ORDER THEY WILL APPEAR IN THE TABLE:
   ID    TIME     AMT    IPRE    IWRE
0-- TABLE  2 --
04 COLUMNS APPENDED:     NO 
 PRINTED:                NO 
 HEADER:                YES 
 FILE TO BE FORWARDED:   NO 
0USER-CHOSEN ITEMS 
 IN THE ORDER THEY WILL APPEAR IN THE TABLE:
   ID      CL       V      KA    ETA1    ETA2
0-- TABLE  3 --
04 COLUMNS APPENDED:     NO 
 PRINTED:                NO 
 HEADER:                YES 
 FILE TO BE FORWARDED:   NO 
0USER-CHOSEN ITEMS 
 IN THE ORDER THEY WILL APPEAR IN THE TABLE:
   ID      BW     AGE
0-- TABLE  4 --
04 COLUMNS APPENDED:     NO 
 PRINTED:                NO 
 HEADER:                YES 
 FILE TO BE FORWARDED:   NO 
0USER-CHOSEN ITEMS 
 IN THE ORDER THEY WILL APPEAR IN THE TABLE:
   ID     ISM    RACE
1DOUBLE PRECISION PREDPP VERSION V LEVEL 2.0  
 
 ONE COMPARTMENT MODEL WITH FIRST-ORDER ABSORPTION (ADVAN2)
0MAXIMUM NO. OF BASIC PK PARAMETERS:   3
0BASIC PK PARAMETERS (AFTER TRANSLATION):
   ELIMINATION RATE (K) IS BASIC PK PARAMETER NO.:  1
   ABSORPTION RATE (KA) IS BASIC PK PARAMETER NO.:  3
 
 TRANSLATOR WILL CONVERT PARAMETERS 
 CLEARANCE (CL) AND VOLUME (V) TO K (TRANS2)
0COMPARTMENT ATTRIBUTES 
 COMPT. NO.   FUNCTION   INITIAL    ON/OFF      DOSE      DEFAULT    DEFAULT
                         STATUS     ALLOWED    ALLOWED    FOR DOSE   FOR OBS.
    1         DEPOT        OFF        YES        YES        YES        NO 
    2         CENTRAL      ON         NO         YES        NO         YES
    3         OUTPUT       OFF        YES        NO         NO         NO 
1
 ADDITIONAL PK PARAMETERS - ASSIGNMENT OF ROWS IN GG
 COMPT. NO.                             INDICES
              SCALE      BIOAVAIL.   ZERO-ORDER  ZERO-ORDER  ABSORB
                         FRACTION    RATE        DURATION    LAG  
    1           *           *           *           *           *
    2           4           *           *           *           *
    3           *           -           -           -           -
             - PARAMETER IS NOT ALLOWED FOR THIS MODEL
             * PARAMETER IS NOT SUPPLIED BY PK SUBROUTINE;
               WILL DEFAULT TO ONE IF APPLICABLE
0DATA ITEM INDICES USED BY PRED ARE:
   EVENT ID DATA ITEM IS DATA ITEM NO.:      5
   TIME DATA ITEM IS DATA ITEM NO.:          2
   DOSE AMOUNT DATA ITEM IS DATA ITEM NO.:   3
 
0PK SUBROUTINE CALLED WITH EVERY EVENT RECORD.
 PK SUBROUTINE NOT CALLED AT NONEVENT (ADDITIONAL OR LAGGED) DOSE TIMES.
0ERROR SUBROUTINE CALLED WITH EVERY EVENT RECORD.
1
 MONITORING OF SEARCH:

0ITERATION NO.:    0    OBJECTIVE VALUE:  0.90579E+04    NO. OF FUNC. EVALS.: 9
 CUMULATIVE NO. OF FUNC. EVALS.:        9
 PARAMETER:  0.1000E+00  0.1000E+00  0.1000E+00  0.1000E+00  0.1000E+00  0.1000E+00  0.1000E+00  0.1000E+00  0.1000E+00  0.1000E+00

 GRADIENT:   0.1368E+03 -0.8990E+02 -0.8555E+02  0.1121E+04 -0.3061E+01 -0.3084E+01 -0.2767E+03 -0.7805E+03  0.2519E+02 -0.1415E+02

0ITERATION NO.:    5    OBJECTIVE VALUE:  0.84597E+04    NO. OF FUNC. EVALS.:10
 CUMULATIVE NO. OF FUNC. EVALS.:       59
 PARAMETER:  0.8933E-01  0.7408E-01  0.3116E-01 -0.1343E+01  0.2103E+00  0.1390E+00 -0.2694E-01 -0.2452E+00 -0.1393E+00  0.1009E-01

 GRADIENT:   0.4055E+02 -0.1746E+02 -0.8212E+02  0.9670E+02 -0.1531E+02 -0.5275E+01 -0.1785E+03 -0.9353E+02 -0.2584E+02 -0.1207E+02

0ITERATION NO.:   10    OBJECTIVE VALUE:  0.83626E+04    NO. OF FUNC. EVALS.:11
 CUMULATIVE NO. OF FUNC. EVALS.:      112
 PARAMETER:  0.8012E-01  0.1144E+00  0.1450E+00 -0.1408E+01  0.1890E+01  0.3115E+01  0.3158E-01 -0.2624E+00 -0.7427E-01 -0.7062E+00

 GRADIENT:  -0.4727E+02 -0.2922E+02  0.5937E+02  0.6238E+02  0.6209E+02  0.8170E+02  0.3217E+03 -0.7735E+02 -0.1932E+02 -0.2784E+01

0ITERATION NO.:   15    OBJECTIVE VALUE:  0.82272E+04    NO. OF FUNC. EVALS.:11
 CUMULATIVE NO. OF FUNC. EVALS.:      166
 PARAMETER:  0.6880E-01  0.6719E-01  0.6780E-01 -0.1740E+01  0.1382E+01  0.3042E+01 -0.6005E+00 -0.3764E-01 -0.1161E+00  0.2263E+00

 GRADIENT:  -0.1458E+02 -0.9680E+01 -0.2309E+02  0.3909E+01  0.2081E+01 -0.3426E+02 -0.1211E+01  0.2317E+01 -0.6729E+01  0.2726E+02

0ITERATION NO.:   20    OBJECTIVE VALUE:  0.82224E+04    NO. OF FUNC. EVALS.:18
 CUMULATIVE NO. OF FUNC. EVALS.:      224
 PARAMETER:  0.7166E-01  0.7442E-01  0.9056E-01 -0.1787E+01  0.1349E+01  0.3139E+01 -0.6505E+00 -0.4700E-01 -0.8041E-01  0.3277E-01

 GRADIENT:  -0.1382E+01 -0.1747E+01 -0.6681E+00 -0.9058E+00 -0.6298E+00 -0.4718E+00  0.5133E+00  0.9702E-01  0.5730E+00 -0.1610E-01

0ITERATION NO.:   25    OBJECTIVE VALUE:  0.82224E+04    NO. OF FUNC. EVALS.:17
 CUMULATIVE NO. OF FUNC. EVALS.:      309
 PARAMETER:  0.7235E-01  0.7535E-01  0.9135E-01 -0.1774E+01  0.1361E+01  0.3141E+01 -0.6535E+00 -0.4768E-01 -0.8233E-01  0.3407E-01

 GRADIENT:  -0.2035E+00 -0.2982E+00 -0.1738E-01 -0.3176E-01  0.1484E-01 -0.1639E+00 -0.9486E-01 -0.1062E+00  0.7324E-01  0.7982E-02

0ITERATION NO.:   27    OBJECTIVE VALUE:  0.82224E+04    NO. OF FUNC. EVALS.:14
 CUMULATIVE NO. OF FUNC. EVALS.:      340
 PARAMETER:  0.7242E-01  0.7548E-01  0.9140E-01 -0.1774E+01  0.1361E+01  0.3141E+01 -0.6535E+00 -0.4742E-01 -0.8259E-01  0.3401E-01

 GRADIENT:  -0.4097E-01 -0.1285E-01 -0.8693E-02  0.5295E-02  0.2366E-02 -0.1976E-01 -0.2063E-01 -0.1971E-01  0.7709E-02  0.1929E-02

0MINIMIZATION SUCCESSFUL
 NO. OF FUNCTION EVALUATIONS USED:      340
 NO. OF SIG. DIGITS IN FINAL EST.:  3.2

 ETABAR IS THE ARITHMETIC MEAN OF THE ETA-ESTIMATES,
 AND THE P-VALUE IS GIVEN FOR THE NULL HYPOTHESIS THAT THE TRUE MEAN IS 0.

 ETABAR:   0.32E-03 -0.92E-02 -0.97E-02
 SE:       0.26E-01  0.24E-01  0.22E-01

 P VAL.:   0.99E+00  0.70E+00  0.67E+00
1
 
 
 
 
 
 
 
 
 
 
 
 
 
 
 
 
 
 
 
 
 ************************************************************************************************************************
 ********************                                                                                ********************
 ********************                           MINIMUM VALUE OF OBJECTIVE FUNCTION                  ********************
 ********************                                                                                ********************
 ************************************************************************************************************************
 





 **************************************************       8222.367     **************************************************
1
 ************************************************************************************************************************
 ********************                                                                                ********************
 ********************                                  FINAL PARAMETER ESTIMATE                      ********************
 ********************                                                                                ********************
 ************************************************************************************************************************
 


 THETA - VECTOR OF FIXED EFFECTS PARAMETERS   *********


            TH 1      TH 2      TH 3      TH 4      TH 5      TH 6      TH 7
 
         1.95E+00  1.95E+01  6.94E-01  7.68E-01  7.06E-01  1.05E+02  9.41E-02
 


 OMEGA - COV MATRIX FOR RANDOM EFFECTS - ETAS  ********


            ETA1      ETA2      ETA3
 
 ETA1
+        7.45E-02
 
 ETA2
+        0.00E+00  6.94E-02
 
 ETA3
+        0.00E+00  0.00E+00  8.76E-02
 


 SIGMA - COV MATRIX FOR RANDOM EFFECTS - EPSILONS  ****


            EPS1
 
 EPS1
+        1.00E+00
 
1
 ************************************************************************************************************************
 ********************                                                                                ********************
 ********************                             STANDARD ERROR OF ESTIMATE                         ********************
 ********************                                                                                ********************
 ************************************************************************************************************************
 


 THETA - VECTOR OF FIXED EFFECTS PARAMETERS   *********


            TH 1      TH 2      TH 3      TH 4      TH 5      TH 6      TH 7
 
         5.61E-02  5.96E-01  2.78E-02  1.68E-01  1.16E-01  7.88E+00  8.46E-03
 


 OMEGA - COV MATRIX FOR RANDOM EFFECTS - ETAS  ********


            ETA1      ETA2      ETA3
 
 ETA1
+        1.05E-02
 
 ETA2
+       .........  1.06E-02
 
 ETA3
+       ......... .........  2.64E-02
 


 SIGMA - COV MATRIX FOR RANDOM EFFECTS - EPSILONS  ****


            EPS1
 
 EPS1
+       .........
 
1
 ************************************************************************************************************************
 ********************                                                                                ********************
 ********************                          COVARIANCE MATRIX OF ESTIMATE                         ********************
 ********************                                                                                ********************
 ************************************************************************************************************************
 

            TH 1      TH 2      TH 3      TH 4      TH 5      TH 6      TH 7      OM11      OM12      OM13      OM22      OM23
             OM33      SG11
 
 TH 1
+        3.15E-03
 
 TH 2
+       -2.55E-03  3.55E-01
 
 TH 3
+       -1.24E-05  4.07E-03  7.73E-04
 
 TH 4
+        1.29E-03 -7.79E-04  7.04E-05  2.83E-02
 
 TH 5
+       -2.01E-05  1.61E-02 -5.36E-05 -3.18E-03  1.34E-02
 
 TH 6
+        1.31E-02  2.03E-01  5.33E-03  4.29E-02 -7.93E-02  6.20E+01
 
 TH 7
+       -3.63E-05 -1.56E-04 -1.72E-05 -4.76E-05  3.44E-05 -4.47E-02  7.16E-05
 
 OM11
+       -2.11E-05 -9.88E-04 -1.47E-05 -5.75E-04 -6.43E-05 -9.58E-03  7.24E-06  1.11E-04
 
 OM12
+       ......... ......... ......... ......... ......... ......... ......... ......... .........
 
 OM13
+       ......... ......... ......... ......... ......... ......... ......... ......... ......... .........
 
 OM22
+        1.98E-05 -3.89E-04 -4.30E-06  1.23E-05  1.16E-05 -6.88E-03 -1.90E-06 -6.70E-06 ......... .........  1.12E-04
 
 OM23
+       ......... ......... ......... ......... ......... ......... ......... ......... ......... ......... ......... .........
 
 OM33
+        1.71E-04 -3.91E-04  1.43E-04  4.76E-04 -4.57E-04  4.84E-02 -8.90E-05 -5.88E-07 ......... ......... -3.76E-06 .........
          6.95E-04
 
 SG11
+       ......... ......... ......... ......... ......... ......... ......... ......... ......... ......... ......... .........
         ......... .........
 
1
 ************************************************************************************************************************
 ********************                                                                                ********************
 ********************                         CORRELATION MATRIX OF ESTIMATE                         ********************
 ********************                                                                                ********************
 ************************************************************************************************************************
 

            TH 1      TH 2      TH 3      TH 4      TH 5      TH 6      TH 7      OM11      OM12      OM13      OM22      OM23
             OM33      SG11
 
 TH 1
+        1.00E+00
 
 TH 2
+       -7.61E-02  1.00E+00
 
 TH 3
+       -7.93E-03  2.46E-01  1.00E+00
 
 TH 4
+        1.36E-01 -7.76E-03  1.50E-02  1.00E+00
 
 TH 5
+       -3.09E-03  2.33E-01 -1.67E-02 -1.63E-01  1.00E+00
 
 TH 6
+        2.96E-02  4.33E-02  2.43E-02  3.24E-02 -8.69E-02  1.00E+00
 
 TH 7
+       -7.65E-02 -3.09E-02 -7.31E-02 -3.34E-02  3.51E-02 -6.71E-01  1.00E+00
 
 OM11
+       -3.56E-02 -1.57E-01 -5.01E-02 -3.24E-01 -5.27E-02 -1.15E-01  8.12E-02  1.00E+00
 
 OM12
+       ......... ......... ......... ......... ......... ......... ......... ......... .........
 
 OM13
+       ......... ......... ......... ......... ......... ......... ......... ......... ......... .........
 
 OM22
+        3.34E-02 -6.18E-02 -1.46E-02  6.92E-03  9.48E-03 -8.27E-02 -2.13E-02 -6.02E-02 ......... .........  1.00E+00
 
 OM23
+       ......... ......... ......... ......... ......... ......... ......... ......... ......... ......... ......... .........
 
 OM33
+        1.16E-01 -2.49E-02  1.96E-01  1.07E-01 -1.50E-01  2.33E-01 -3.99E-01 -2.12E-03 ......... ......... -1.35E-02 .........
          1.00E+00
 
 SG11
+       ......... ......... ......... ......... ......... ......... ......... ......... ......... ......... ......... .........
         ......... .........
 
1
 ************************************************************************************************************************
 ********************                                                                                ********************
 ********************                  INVERSE COVARIANCE MATRIX OF ESTIMATE                         ********************
 ********************                                                                                ********************
 ************************************************************************************************************************
 

            TH 1      TH 2      TH 3      TH 4      TH 5      TH 6      TH 7      OM11      OM12      OM13      OM22      OM23
             OM33      SG11
 
 TH 1
+        3.31E+02
 
 TH 2
+        2.53E+00  3.31E+00
 
 TH 3
+        6.92E+00 -1.76E+01  1.45E+03
 
 TH 4
+       -1.46E+01  5.80E-02  4.43E+00  4.20E+01
 
 TH 5
+       -8.16E+00 -3.86E+00  1.92E+01  1.04E+01  8.44E+01
 
 TH 6
+        5.37E-02 -1.17E-02  2.65E-01  2.91E-02  1.72E-01  3.05E-02
 
 TH 7
+        1.20E+02  6.77E-01  7.93E+01 -1.64E+01  1.17E+02  1.94E+01  2.92E+04
 
 OM11
+       -5.42E-01  2.53E+01  8.62E+01  2.26E+02  7.66E+01  1.70E+00 -8.67E+01  1.07E+04
 
 OM12
+       ......... ......... ......... ......... ......... ......... ......... ......... .........
 
 OM13
+       ......... ......... ......... ......... ......... ......... ......... ......... ......... .........
 
 OM22
+       -4.39E+01  1.17E+01  3.15E+00  1.16E+01 -2.39E+00  2.27E+00  1.75E+03  7.94E+02 ......... .........  9.22E+03
 
 OM23
+       ......... ......... ......... ......... ......... ......... ......... ......... ......... ......... ......... .........
 
 OM33
+       -6.54E+01  3.27E+00 -3.08E+02 -2.31E+01  4.73E+01  3.97E-01  2.44E+03 -2.24E+02 ......... .........  1.24E+02 .........
          1.85E+03
 
 SG11
+       ......... ......... ......... ......... ......... ......... ......... ......... ......... ......... ......... .........
         ......... .........
 
Stop Time: 
Mon 11/02/2009 
08:48 AM
